Configuration on demand is an incubating feature.
> Task :app:clean
> Task :app:preBuild UP-TO-DATE
> Task :app:preDebugBuild UP-TO-DATE
> Task :app:mergeDebugNativeDebugMetadata NO-SOURCE
> Task :app:checkKotlinGradlePluginConfigurationErrors
> Task :app:dataBindingMergeDependencyArtifactsDebug
> Task :app:generateDebugResValues FROM-CACHE
> Task :app:generateDebugResources FROM-CACHE
> Task :app:mergeDebugResources FROM-CACHE
> Task :app:packageDebugResources FROM-CACHE
> Task :app:parseDebugLocalResources FROM-CACHE
> Task :app:dataBindingGenBaseClassesDebug FROM-CACHE
> Task :app:dataBindingTriggerDebug
> Task :app:generateDebugBuildConfig FROM-CACHE
> Task :app:mapDebugSourceSetPaths
> Task :app:createDebugCompatibleScreenManifests
> Task :app:checkDebugAarMetadata
> Task :app:extractDeepLinksDebug FROM-CACHE
> Task :app:processDebugMainManifest FROM-CACHE
> Task :app:processDebugManifest FROM-CACHE
> Task :app:processDebugManifestForPackage FROM-CACHE
> Task :app:processDebugResources FROM-CACHE
> Task :app:javaPreCompileDebug FROM-CACHE
> Task :app:mergeDebugShaders
> Task :app:compileDebugShaders NO-SOURCE
> Task :app:generateDebugAssets UP-TO-DATE
> Task :app:mergeDebugAssets
> Task :app:compressDebugAssets FROM-CACHE
> Task :app:desugarDebugFileDependencies FROM-CACHE
> Task :app:mergeDebugStartupProfile UP-TO-DATE
> Task :app:mergeDebugJniLibFolders
> Task :app:mergeDebugNativeLibs NO-SOURCE
> Task :app:stripDebugDebugSymbols NO-SOURCE
> Task :app:validateSigningDebug
> Task :app:checkDebugDuplicateClasses
> Task :app:writeDebugAppMetadata
> Task :app:mergeExtDexDebug FROM-CACHE
> Task :app:mergeLibDexDebug FROM-CACHE
> Task :app:writeDebugSigningConfigVersions
> Task :app:buildKotlinToolingMetadata
> Task :app:preReleaseBuild UP-TO-DATE
> Task :app:generateReleaseResValues FROM-CACHE
> Task :app:dataBindingMergeDependencyArtifactsRelease
> Task :app:generateReleaseResources FROM-CACHE
> Task :app:mergeReleaseResources FROM-CACHE
> Task :app:packageReleaseResources FROM-CACHE
> Task :app:parseReleaseLocalResources FROM-CACHE
> Task :app:dataBindingGenBaseClassesRelease FROM-CACHE
> Task :app:dataBindingTriggerRelease
> Task :app:generateReleaseBuildConfig FROM-CACHE
> Task :app:mapReleaseSourceSetPaths
> Task :app:checkReleaseAarMetadata
> Task :app:createReleaseCompatibleScreenManifests
> Task :app:extractDeepLinksRelease FROM-CACHE
> Task :app:processReleaseMainManifest FROM-CACHE
> Task :app:processReleaseManifest FROM-CACHE
> Task :app:processReleaseManifestForPackage FROM-CACHE
> Task :app:processReleaseResources FROM-CACHE
> Task :app:javaPreCompileRelease FROM-CACHE
> Task :app:extractProguardFiles
> Task :app:mergeReleaseJniLibFolders
> Task :app:mergeReleaseNativeLibs NO-SOURCE
> Task :app:stripReleaseDebugSymbols NO-SOURCE
> Task :app:extractReleaseNativeSymbolTables NO-SOURCE
> Task :app:mergeReleaseNativeDebugMetadata NO-SOURCE
> Task :app:desugarReleaseFileDependencies FROM-CACHE
> Task :app:mergeReleaseStartupProfile UP-TO-DATE
> Task :app:mergeReleaseShaders
> Task :app:mergeReleaseArtProfile
> Task :app:compileReleaseShaders NO-SOURCE
> Task :app:generateReleaseAssets UP-TO-DATE
> Task :app:checkReleaseDuplicateClasses
> Task :app:mergeReleaseAssets
> Task :app:mergeExtDexRelease FROM-CACHE
> Task :app:compressReleaseAssets FROM-CACHE
> Task :app:extractReleaseVersionControlInfo
> Task :app:optimizeReleaseResources FROM-CACHE
> Task :app:collectReleaseDependencies
> Task :app:sdkReleaseDependencyData
> Task :app:writeReleaseAppMetadata
> Task :app:writeReleaseSigningConfigVersions
> Task :app:preDebugAndroidTestBuild SKIPPED
> Task :app:generateDebugAndroidTestResValues FROM-CACHE
> Task :app:preDebugUnitTestBuild UP-TO-DATE
> Task :app:javaPreCompileDebugUnitTest FROM-CACHE
> Task :app:preReleaseUnitTestBuild UP-TO-DATE
> Task :app:javaPreCompileReleaseUnitTest FROM-CACHE
> Task :app:kaptGenerateStubsDebugKotlin
> Task :app:kaptGenerateStubsReleaseKotlin
> Task :app:kaptDebugKotlin
> Task :app:kaptReleaseKotlin

> Task :app:compileDebugKotlin
w: file:///D:/hyodong2023/workspace/KH_StudyProject/WeatherApp/WeatherApp/app/src/main/java/com/example/kh_studyprojects_weatherapp/data/model/weather/WeatherMappers.kt:387:15 Enum argument can be null in Java, but exhaustive when contains no null branch
w: file:///D:/hyodong2023/workspace/KH_StudyProject/WeatherApp/WeatherApp/app/src/main/java/com/example/kh_studyprojects_weatherapp/presentation/common/sidemenu/SmManager.kt:654:47 No cast needed
w: file:///D:/hyodong2023/workspace/KH_StudyProject/WeatherApp/WeatherApp/app/src/main/java/com/example/kh_studyprojects_weatherapp/presentation/common/sidemenu/SmManager.kt:814:43 No cast needed
w: file:///D:/hyodong2023/workspace/KH_StudyProject/WeatherApp/WeatherApp/app/src/main/java/com/example/kh_studyprojects_weatherapp/presentation/common/sidemenu/SmManager.kt:875:43 No cast needed
w: file:///D:/hyodong2023/workspace/KH_StudyProject/WeatherApp/WeatherApp/app/src/main/java/com/example/kh_studyprojects_weatherapp/presentation/common/sidemenu/adapter/SmFavoriteLocationAdapter.kt:139:35 Parameter 'exception' is never used, could be renamed to _
w: file:///D:/hyodong2023/workspace/KH_StudyProject/WeatherApp/WeatherApp/app/src/main/java/com/example/kh_studyprojects_weatherapp/presentation/weather/WeatherViewModel.kt:73:35 Parameter 'weatherData' is never used, could be renamed to _
w: file:///D:/hyodong2023/workspace/KH_StudyProject/WeatherApp/WeatherApp/app/src/main/java/com/example/kh_studyprojects_weatherapp/presentation/weather/daily/WeatherDailyViewHolder.kt:274:17 Variable 'currentHour' is never used
w: file:///D:/hyodong2023/workspace/KH_StudyProject/WeatherApp/WeatherApp/app/src/main/java/com/example/kh_studyprojects_weatherapp/presentation/weather/daily/WeatherDailyViewHolder.kt:407:92 Unnecessary safe call on a non-null receiver of type List<WeatherHourlyForecastDto>
w: file:///D:/hyodong2023/workspace/KH_StudyProject/WeatherApp/WeatherApp/app/src/main/java/com/example/kh_studyprojects_weatherapp/presentation/weather/daily/WeatherDailyViewHolder.kt:407:99 Elvis operator (?:) always returns the left operand of non-nullable type Int
w: file:///D:/hyodong2023/workspace/KH_StudyProject/WeatherApp/WeatherApp/app/src/main/java/com/example/kh_studyprojects_weatherapp/presentation/weather/daily/WeatherDailyViewHolder.kt:451:17 Variable 'currentHour' is never used
w: file:///D:/hyodong2023/workspace/KH_StudyProject/WeatherApp/WeatherApp/app/src/main/java/com/example/kh_studyprojects_weatherapp/presentation/weather/daily/WeatherDailyViewModel.kt:142:39 Unchecked cast: Any? to List<String>
w: file:///D:/hyodong2023/workspace/KH_StudyProject/WeatherApp/WeatherApp/app/src/main/java/com/example/kh_studyprojects_weatherapp/presentation/weather/daily/WeatherDailyViewModel.kt:143:52 Unchecked cast: Any? to List<Double>
w: file:///D:/hyodong2023/workspace/KH_StudyProject/WeatherApp/WeatherApp/app/src/main/java/com/example/kh_studyprojects_weatherapp/presentation/weather/daily/WeatherDailyViewModel.kt:144:52 Unchecked cast: Any? to List<Double>
w: file:///D:/hyodong2023/workspace/KH_StudyProject/WeatherApp/WeatherApp/app/src/main/java/com/example/kh_studyprojects_weatherapp/presentation/weather/daily/WeatherDailyViewModel.kt:146:57 Unchecked cast: Any? to List<Double>
w: file:///D:/hyodong2023/workspace/KH_StudyProject/WeatherApp/WeatherApp/app/src/main/java/com/example/kh_studyprojects_weatherapp/presentation/weather/daily/WeatherDailyViewModel.kt:148:66 Unchecked cast: Any? to List<Double>
w: file:///D:/hyodong2023/workspace/KH_StudyProject/WeatherApp/WeatherApp/app/src/main/java/com/example/kh_studyprojects_weatherapp/presentation/weather/daily/WeatherDailyViewModel.kt:149:66 Unchecked cast: Any? to List<Double>
w: file:///D:/hyodong2023/workspace/KH_StudyProject/WeatherApp/WeatherApp/app/src/main/java/com/example/kh_studyprojects_weatherapp/presentation/weather/daily/WeatherDailyViewModel.kt:151:42 Unchecked cast: Any? to List<String>
w: file:///D:/hyodong2023/workspace/KH_StudyProject/WeatherApp/WeatherApp/app/src/main/java/com/example/kh_studyprojects_weatherapp/presentation/weather/daily/WeatherDailyViewModel.kt:152:52 Unchecked cast: Any? to List<Double>
w: file:///D:/hyodong2023/workspace/KH_StudyProject/WeatherApp/WeatherApp/app/src/main/java/com/example/kh_studyprojects_weatherapp/presentation/weather/daily/WeatherDailyViewModel.kt:153:52 Unchecked cast: Any? to List<Double>
w: file:///D:/hyodong2023/workspace/KH_StudyProject/WeatherApp/WeatherApp/app/src/main/java/com/example/kh_studyprojects_weatherapp/presentation/weather/daily/WeatherDailyViewModel.kt:158:66 Unchecked cast: Any? to List<Double>
w: file:///D:/hyodong2023/workspace/KH_StudyProject/WeatherApp/WeatherApp/app/src/main/java/com/example/kh_studyprojects_weatherapp/presentation/weather/daily/WeatherDailyViewModel.kt:232:19 Enum argument can be null in Java, but exhaustive when contains no null branch

> Task :app:compileReleaseKotlin
w: file:///D:/hyodong2023/workspace/KH_StudyProject/WeatherApp/WeatherApp/app/src/main/java/com/example/kh_studyprojects_weatherapp/data/model/weather/WeatherMappers.kt:387:15 Enum argument can be null in Java, but exhaustive when contains no null branch
w: file:///D:/hyodong2023/workspace/KH_StudyProject/WeatherApp/WeatherApp/app/src/main/java/com/example/kh_studyprojects_weatherapp/presentation/common/sidemenu/SmManager.kt:654:47 No cast needed
w: file:///D:/hyodong2023/workspace/KH_StudyProject/WeatherApp/WeatherApp/app/src/main/java/com/example/kh_studyprojects_weatherapp/presentation/common/sidemenu/SmManager.kt:814:43 No cast needed
w: file:///D:/hyodong2023/workspace/KH_StudyProject/WeatherApp/WeatherApp/app/src/main/java/com/example/kh_studyprojects_weatherapp/presentation/common/sidemenu/SmManager.kt:875:43 No cast needed
w: file:///D:/hyodong2023/workspace/KH_StudyProject/WeatherApp/WeatherApp/app/src/main/java/com/example/kh_studyprojects_weatherapp/presentation/common/sidemenu/adapter/SmFavoriteLocationAdapter.kt:139:35 Parameter 'exception' is never used, could be renamed to _
w: file:///D:/hyodong2023/workspace/KH_StudyProject/WeatherApp/WeatherApp/app/src/main/java/com/example/kh_studyprojects_weatherapp/presentation/weather/WeatherViewModel.kt:73:35 Parameter 'weatherData' is never used, could be renamed to _
w: file:///D:/hyodong2023/workspace/KH_StudyProject/WeatherApp/WeatherApp/app/src/main/java/com/example/kh_studyprojects_weatherapp/presentation/weather/daily/WeatherDailyViewHolder.kt:274:17 Variable 'currentHour' is never used
w: file:///D:/hyodong2023/workspace/KH_StudyProject/WeatherApp/WeatherApp/app/src/main/java/com/example/kh_studyprojects_weatherapp/presentation/weather/daily/WeatherDailyViewHolder.kt:407:92 Unnecessary safe call on a non-null receiver of type List<WeatherHourlyForecastDto>
w: file:///D:/hyodong2023/workspace/KH_StudyProject/WeatherApp/WeatherApp/app/src/main/java/com/example/kh_studyprojects_weatherapp/presentation/weather/daily/WeatherDailyViewHolder.kt:407:99 Elvis operator (?:) always returns the left operand of non-nullable type Int
w: file:///D:/hyodong2023/workspace/KH_StudyProject/WeatherApp/WeatherApp/app/src/main/java/com/example/kh_studyprojects_weatherapp/presentation/weather/daily/WeatherDailyViewHolder.kt:451:17 Variable 'currentHour' is never used
w: file:///D:/hyodong2023/workspace/KH_StudyProject/WeatherApp/WeatherApp/app/src/main/java/com/example/kh_studyprojects_weatherapp/presentation/weather/daily/WeatherDailyViewModel.kt:142:39 Unchecked cast: Any? to List<String>
w: file:///D:/hyodong2023/workspace/KH_StudyProject/WeatherApp/WeatherApp/app/src/main/java/com/example/kh_studyprojects_weatherapp/presentation/weather/daily/WeatherDailyViewModel.kt:143:52 Unchecked cast: Any? to List<Double>
w: file:///D:/hyodong2023/workspace/KH_StudyProject/WeatherApp/WeatherApp/app/src/main/java/com/example/kh_studyprojects_weatherapp/presentation/weather/daily/WeatherDailyViewModel.kt:144:52 Unchecked cast: Any? to List<Double>
w: file:///D:/hyodong2023/workspace/KH_StudyProject/WeatherApp/WeatherApp/app/src/main/java/com/example/kh_studyprojects_weatherapp/presentation/weather/daily/WeatherDailyViewModel.kt:146:57 Unchecked cast: Any? to List<Double>
w: file:///D:/hyodong2023/workspace/KH_StudyProject/WeatherApp/WeatherApp/app/src/main/java/com/example/kh_studyprojects_weatherapp/presentation/weather/daily/WeatherDailyViewModel.kt:148:66 Unchecked cast: Any? to List<Double>
w: file:///D:/hyodong2023/workspace/KH_StudyProject/WeatherApp/WeatherApp/app/src/main/java/com/example/kh_studyprojects_weatherapp/presentation/weather/daily/WeatherDailyViewModel.kt:149:66 Unchecked cast: Any? to List<Double>
w: file:///D:/hyodong2023/workspace/KH_StudyProject/WeatherApp/WeatherApp/app/src/main/java/com/example/kh_studyprojects_weatherapp/presentation/weather/daily/WeatherDailyViewModel.kt:151:42 Unchecked cast: Any? to List<String>
w: file:///D:/hyodong2023/workspace/KH_StudyProject/WeatherApp/WeatherApp/app/src/main/java/com/example/kh_studyprojects_weatherapp/presentation/weather/daily/WeatherDailyViewModel.kt:152:52 Unchecked cast: Any? to List<Double>
w: file:///D:/hyodong2023/workspace/KH_StudyProject/WeatherApp/WeatherApp/app/src/main/java/com/example/kh_studyprojects_weatherapp/presentation/weather/daily/WeatherDailyViewModel.kt:153:52 Unchecked cast: Any? to List<Double>
w: file:///D:/hyodong2023/workspace/KH_StudyProject/WeatherApp/WeatherApp/app/src/main/java/com/example/kh_studyprojects_weatherapp/presentation/weather/daily/WeatherDailyViewModel.kt:158:66 Unchecked cast: Any? to List<Double>
w: file:///D:/hyodong2023/workspace/KH_StudyProject/WeatherApp/WeatherApp/app/src/main/java/com/example/kh_studyprojects_weatherapp/presentation/weather/daily/WeatherDailyViewModel.kt:232:19 Enum argument can be null in Java, but exhaustive when contains no null branch

> Task :app:compileDebugJavaWithJavac
> Task :app:hiltAggregateDepsDebug FROM-CACHE
> Task :app:hiltJavaCompileDebug
> Task :app:processDebugJavaRes
> Task :app:mergeDebugJavaResource
> Task :app:transformDebugClassesWithAsm
> Task :app:compileReleaseJavaWithJavac
> Task :app:dexBuilderDebug
> Task :app:mergeDebugGlobalSynthetics FROM-CACHE
> Task :app:hiltAggregateDepsRelease FROM-CACHE
> Task :app:mergeProjectDexDebug
> Task :app:hiltJavaCompileRelease
> Task :app:generateReleaseLintVitalReportModel
> Task :app:processReleaseJavaRes
> Task :app:generateDebugLintReportModel
> Task :app:packageDebug
> Task :app:createDebugApkListingFileRedirect
> Task :app:assembleDebug
> Task :app:bundleDebugClassesToCompileJar
> Task :app:generateDebugAndroidTestLintModel
> Task :app:generateDebugUnitTestLintModel
> Task :app:bundleReleaseClassesToCompileJar
> Task :app:bundleDebugClassesToRuntimeJar
> Task :app:mergeReleaseJavaResource
> Task :app:transformReleaseClassesWithAsm
> Task :app:kaptGenerateStubsReleaseUnitTestKotlin
> Task :app:kaptGenerateStubsDebugUnitTestKotlin
> Task :app:dexBuilderRelease
> Task :app:mergeReleaseGlobalSynthetics FROM-CACHE
> Task :app:bundleReleaseClassesToRuntimeJar
> Task :app:mergeDexRelease
> Task :app:compileReleaseArtProfile
> Task :app:packageRelease
> Task :app:createReleaseApkListingFileRedirect

> Task :app:kaptDebugUnitTestKotlin
warning: The following options were not recognized by any processor: '[dagger.fastInit, dagger.hilt.android.internal.disableAndroidSuperclassValidation, dagger.hilt.android.internal.projectType, dagger.hilt.internal.useAggregatingRootProcessor, kapt.kotlin.generated]'
[WARN] Incremental annotation processing requested, but support is disabled because the following processors are not incremental: android.databinding.annotationprocessor.ProcessDataBinding (DYNAMIC).

> Task :app:kaptReleaseUnitTestKotlin
warning: The following options were not recognized by any processor: '[dagger.fastInit, dagger.hilt.android.internal.disableAndroidSuperclassValidation, dagger.hilt.android.internal.projectType, dagger.hilt.internal.useAggregatingRootProcessor, kapt.kotlin.generated]'
[WARN] Incremental annotation processing requested, but support is disabled because the following processors are not incremental: android.databinding.annotationprocessor.ProcessDataBinding (DYNAMIC).

> Task :app:compileDebugUnitTestKotlin
> Task :app:compileDebugUnitTestJavaWithJavac NO-SOURCE
> Task :app:compileReleaseUnitTestKotlin
> Task :app:hiltAggregateDepsDebugUnitTest FROM-CACHE
> Task :app:hiltJavaCompileDebugUnitTest NO-SOURCE
> Task :app:processDebugUnitTestJavaRes
> Task :app:compileReleaseUnitTestJavaWithJavac NO-SOURCE
> Task :app:transformDebugUnitTestClassesWithAsm
> Task :app:hiltAggregateDepsReleaseUnitTest FROM-CACHE
> Task :app:lintAnalyzeDebugAndroidTest
> Task :app:testDebugUnitTest
> Task :app:hiltJavaCompileReleaseUnitTest NO-SOURCE
> Task :app:processReleaseUnitTestJavaRes
> Task :app:transformReleaseUnitTestClassesWithAsm
> Task :app:testReleaseUnitTest
> Task :app:test
> Task :app:lintVitalAnalyzeRelease
> Task :app:lintAnalyzeDebug
> Task :app:lintAnalyzeDebugUnitTest
> Task :app:lintVitalReportRelease SKIPPED
> Task :app:lintVitalRelease SKIPPED
> Task :app:assembleRelease
> Task :app:assemble

> Task :app:lintReportDebug
Wrote HTML report to file:///D:/hyodong2023/workspace/KH_StudyProject/WeatherApp/WeatherApp/app/build/reports/lint-results-debug.html

> Task :app:lintDebug FAILED
Lint found 8 errors, 3977 warnings. First failure:

D:\hyodong2023\workspace\KH_StudyProject\WeatherApp\WeatherApp\app\src\main\res\layout\item_favorite_location.xml:18: Error: Must use app:tint instead of android:tint [UseAppTint from androidx.appcompat]
        android:tint="@android:color/white"
        ~~~~~~~~~~~~~~~~~~~~~~~~~~~~~~~~~~~

The full lint text report is located at:
  D:\hyodong2023\workspace\KH_StudyProject\WeatherApp\WeatherApp\app\build\intermediates\lint_intermediate_text_report\debug\lintReportDebug\lint-results-debug.txt

FAILURE: Build failed with an exception.

* What went wrong:
Execution failed for task ':app:lintDebug'.
> Lint found errors in the project; aborting build.
  
  Fix the issues identified by lint, or create a baseline to see only new errors.
  To create a baseline, run `gradlew updateLintBaseline` after adding the following to the module's build.gradle file:
  ```
  android {
      lint {
          baseline = file("lint-baseline.xml")
      }
  }
  ```
  For more details, see https://developer.android.com/studio/write/lint#snapshot
  
  Lint found 8 errors, 3977 warnings. First failure:
  
  D:\hyodong2023\workspace\KH_StudyProject\WeatherApp\WeatherApp\app\src\main\res\layout\item_favorite_location.xml:18: Error: Must use app:tint instead of android:tint [UseAppTint from androidx.appcompat]
          android:tint="@android:color/white"
          ~~~~~~~~~~~~~~~~~~~~~~~~~~~~~~~~~~~
  
  The full lint text report is located at:
    D:\hyodong2023\workspace\KH_StudyProject\WeatherApp\WeatherApp\app\build\intermediates\lint_intermediate_text_report\debug\lintReportDebug\lint-results-debug.txt

* Try:
> Run with --info or --debug option to get more log output.
> Run with --scan to get full insights.
> Get more help at https://help.gradle.org.

* Exception is:
org.gradle.api.tasks.TaskExecutionException: Execution failed for task ':app:lintDebug'.
	at org.gradle.api.internal.tasks.execution.ExecuteActionsTaskExecuter.lambda$executeIfValid$1(ExecuteActionsTaskExecuter.java:130)
	at org.gradle.internal.Try$Failure.ifSuccessfulOrElse(Try.java:282)
	at org.gradle.api.internal.tasks.execution.ExecuteActionsTaskExecuter.executeIfValid(ExecuteActionsTaskExecuter.java:128)
	at org.gradle.api.internal.tasks.execution.ExecuteActionsTaskExecuter.execute(ExecuteActionsTaskExecuter.java:116)
	at org.gradle.api.internal.tasks.execution.FinalizePropertiesTaskExecuter.execute(FinalizePropertiesTaskExecuter.java:46)
	at org.gradle.api.internal.tasks.execution.ResolveTaskExecutionModeExecuter.execute(ResolveTaskExecutionModeExecuter.java:51)
	at org.gradle.api.internal.tasks.execution.SkipTaskWithNoActionsExecuter.execute(SkipTaskWithNoActionsExecuter.java:57)
	at org.gradle.api.internal.tasks.execution.SkipOnlyIfTaskExecuter.execute(SkipOnlyIfTaskExecuter.java:74)
	at org.gradle.api.internal.tasks.execution.CatchExceptionTaskExecuter.execute(CatchExceptionTaskExecuter.java:36)
	at org.gradle.api.internal.tasks.execution.EventFiringTaskExecuter$1.executeTask(EventFiringTaskExecuter.java:77)
	at org.gradle.api.internal.tasks.execution.EventFiringTaskExecuter$1.call(EventFiringTaskExecuter.java:55)
	at org.gradle.api.internal.tasks.execution.EventFiringTaskExecuter$1.call(EventFiringTaskExecuter.java:52)
	at org.gradle.internal.operations.DefaultBuildOperationRunner$CallableBuildOperationWorker.execute(DefaultBuildOperationRunner.java:200)
	at org.gradle.internal.operations.DefaultBuildOperationRunner$CallableBuildOperationWorker.execute(DefaultBuildOperationRunner.java:195)
	at org.gradle.internal.operations.DefaultBuildOperationRunner$2.execute(DefaultBuildOperationRunner.java:66)
	at org.gradle.internal.operations.DefaultBuildOperationRunner$2.execute(DefaultBuildOperationRunner.java:59)
	at org.gradle.internal.operations.DefaultBuildOperationRunner.execute(DefaultBuildOperationRunner.java:157)
	at org.gradle.internal.operations.DefaultBuildOperationRunner.execute(DefaultBuildOperationRunner.java:59)
	at org.gradle.internal.operations.DefaultBuildOperationRunner.call(DefaultBuildOperationRunner.java:53)
	at org.gradle.internal.operations.DefaultBuildOperationExecutor.call(DefaultBuildOperationExecutor.java:73)
	at org.gradle.api.internal.tasks.execution.EventFiringTaskExecuter.execute(EventFiringTaskExecuter.java:52)
	at org.gradle.execution.plan.LocalTaskNodeExecutor.execute(LocalTaskNodeExecutor.java:42)
	at org.gradle.execution.taskgraph.DefaultTaskExecutionGraph$InvokeNodeExecutorsAction.execute(DefaultTaskExecutionGraph.java:331)
	at org.gradle.execution.taskgraph.DefaultTaskExecutionGraph$InvokeNodeExecutorsAction.execute(DefaultTaskExecutionGraph.java:318)
	at org.gradle.execution.taskgraph.DefaultTaskExecutionGraph$BuildOperationAwareExecutionAction.lambda$execute$0(DefaultTaskExecutionGraph.java:314)
	at org.gradle.internal.operations.CurrentBuildOperationRef.with(CurrentBuildOperationRef.java:80)
	at org.gradle.execution.taskgraph.DefaultTaskExecutionGraph$BuildOperationAwareExecutionAction.execute(DefaultTaskExecutionGraph.java:314)
	at org.gradle.execution.taskgraph.DefaultTaskExecutionGraph$BuildOperationAwareExecutionAction.execute(DefaultTaskExecutionGraph.java:303)
	at org.gradle.execution.plan.DefaultPlanExecutor$ExecutorWorker.execute(DefaultPlanExecutor.java:463)
	at org.gradle.execution.plan.DefaultPlanExecutor$ExecutorWorker.run(DefaultPlanExecutor.java:380)
	at org.gradle.internal.concurrent.ExecutorPolicy$CatchAndRecordFailures.onExecute(ExecutorPolicy.java:64)
	at org.gradle.internal.concurrent.AbstractManagedExecutor$1.run(AbstractManagedExecutor.java:47)
Caused by: java.lang.RuntimeException: Lint found errors in the project; aborting build.

Fix the issues identified by lint, or create a baseline to see only new errors.
To create a baseline, run `gradlew updateLintBaseline` after adding the following to the module's build.gradle file:
```
android {
    lint {
        baseline = file("lint-baseline.xml")
    }
}
```
For more details, see https://developer.android.com/studio/write/lint#snapshot

Lint found 8 errors, 3977 warnings. First failure:

D:\hyodong2023\workspace\KH_StudyProject\WeatherApp\WeatherApp\app\src\main\res\layout\item_favorite_location.xml:18: Error: Must use app:tint instead of android:tint [UseAppTint from androidx.appcompat]
        android:tint="@android:color/white"
        ~~~~~~~~~~~~~~~~~~~~~~~~~~~~~~~~~~~

The full lint text report is located at:
  D:\hyodong2023\workspace\KH_StudyProject\WeatherApp\WeatherApp\app\build\intermediates\lint_intermediate_text_report\debug\lintReportDebug\lint-results-debug.txt
	at com.android.build.gradle.internal.lint.AndroidLintWorkAction$Companion.maybeThrowException(AndroidLintWorkAction.kt:235)
	at com.android.build.gradle.internal.lint.AndroidLintTextOutputTask.doTaskAction(AndroidLintTextOutputTask.kt:109)
	at com.android.build.gradle.internal.tasks.NonIncrementalTask$taskAction$$inlined$recordTaskAction$1.invoke(BaseTask.kt:66)
	at com.android.build.gradle.internal.tasks.Blocks.recordSpan(Blocks.java:51)
	at com.android.build.gradle.internal.tasks.NonIncrementalTask.taskAction(NonIncrementalTask.kt:97)
	at jdk.internal.reflect.GeneratedMethodAccessor96.invoke(Unknown Source)
	at java.base/jdk.internal.reflect.DelegatingMethodAccessorImpl.invoke(DelegatingMethodAccessorImpl.java:43)
	at org.gradle.internal.reflect.JavaMethod.invoke(JavaMethod.java:125)
	at org.gradle.api.internal.project.taskfactory.StandardTaskAction.doExecute(StandardTaskAction.java:58)
	at org.gradle.api.internal.project.taskfactory.StandardTaskAction.execute(StandardTaskAction.java:51)
	at org.gradle.api.internal.project.taskfactory.StandardTaskAction.execute(StandardTaskAction.java:29)
	at org.gradle.api.internal.tasks.execution.TaskExecution$3.run(TaskExecution.java:244)
	at org.gradle.internal.operations.DefaultBuildOperationRunner$1.execute(DefaultBuildOperationRunner.java:29)
	at org.gradle.internal.operations.DefaultBuildOperationRunner$1.execute(DefaultBuildOperationRunner.java:26)
	at org.gradle.internal.operations.DefaultBuildOperationRunner$2.execute(DefaultBuildOperationRunner.java:66)
	at org.gradle.internal.operations.DefaultBuildOperationRunner$2.execute(DefaultBuildOperationRunner.java:59)
	at org.gradle.internal.operations.DefaultBuildOperationRunner.execute(DefaultBuildOperationRunner.java:157)
	at org.gradle.internal.operations.DefaultBuildOperationRunner.execute(DefaultBuildOperationRunner.java:59)
	at org.gradle.internal.operations.DefaultBuildOperationRunner.run(DefaultBuildOperationRunner.java:47)
	at org.gradle.internal.operations.DefaultBuildOperationExecutor.run(DefaultBuildOperationExecutor.java:68)
	at org.gradle.api.internal.tasks.execution.TaskExecution.executeAction(TaskExecution.java:229)
	at org.gradle.api.internal.tasks.execution.TaskExecution.executeActions(TaskExecution.java:212)
	at org.gradle.api.internal.tasks.execution.TaskExecution.executeWithPreviousOutputFiles(TaskExecution.java:195)
	at org.gradle.api.internal.tasks.execution.TaskExecution.execute(TaskExecution.java:162)
	at org.gradle.internal.execution.steps.ExecuteStep.executeInternal(ExecuteStep.java:105)
	at org.gradle.internal.execution.steps.ExecuteStep.access$000(ExecuteStep.java:44)
	at org.gradle.internal.execution.steps.ExecuteStep$1.call(ExecuteStep.java:59)
	at org.gradle.internal.execution.steps.ExecuteStep$1.call(ExecuteStep.java:56)
	at org.gradle.internal.operations.DefaultBuildOperationRunner$CallableBuildOperationWorker.execute(DefaultBuildOperationRunner.java:200)
	at org.gradle.internal.operations.DefaultBuildOperationRunner$CallableBuildOperationWorker.execute(DefaultBuildOperationRunner.java:195)
	at org.gradle.internal.operations.DefaultBuildOperationRunner$2.execute(DefaultBuildOperationRunner.java:66)
	at org.gradle.internal.operations.DefaultBuildOperationRunner$2.execute(DefaultBuildOperationRunner.java:59)
	at org.gradle.internal.operations.DefaultBuildOperationRunner.execute(DefaultBuildOperationRunner.java:157)
	at org.gradle.internal.operations.DefaultBuildOperationRunner.execute(DefaultBuildOperationRunner.java:59)
	at org.gradle.internal.operations.DefaultBuildOperationRunner.call(DefaultBuildOperationRunner.java:53)
	at org.gradle.internal.operations.DefaultBuildOperationExecutor.call(DefaultBuildOperationExecutor.java:73)
	at org.gradle.internal.execution.steps.ExecuteStep.execute(ExecuteStep.java:56)
	at org.gradle.internal.execution.steps.ExecuteStep.execute(ExecuteStep.java:44)
	at org.gradle.internal.execution.steps.CancelExecutionStep.execute(CancelExecutionStep.java:41)
	at org.gradle.internal.execution.steps.TimeoutStep.executeWithoutTimeout(TimeoutStep.java:74)
	at org.gradle.internal.execution.steps.TimeoutStep.execute(TimeoutStep.java:55)
	at org.gradle.internal.execution.steps.PreCreateOutputParentsStep.execute(PreCreateOutputParentsStep.java:50)
	at org.gradle.internal.execution.steps.PreCreateOutputParentsStep.execute(PreCreateOutputParentsStep.java:28)
	at org.gradle.internal.execution.steps.RemovePreviousOutputsStep.execute(RemovePreviousOutputsStep.java:67)
	at org.gradle.internal.execution.steps.RemovePreviousOutputsStep.execute(RemovePreviousOutputsStep.java:37)
	at org.gradle.internal.execution.steps.BroadcastChangingOutputsStep.execute(BroadcastChangingOutputsStep.java:61)
	at org.gradle.internal.execution.steps.BroadcastChangingOutputsStep.execute(BroadcastChangingOutputsStep.java:26)
	at org.gradle.internal.execution.steps.CaptureOutputsAfterExecutionStep.execute(CaptureOutputsAfterExecutionStep.java:67)
	at org.gradle.internal.execution.steps.CaptureOutputsAfterExecutionStep.execute(CaptureOutputsAfterExecutionStep.java:45)
	at org.gradle.internal.execution.steps.ResolveInputChangesStep.execute(ResolveInputChangesStep.java:40)
	at org.gradle.internal.execution.steps.ResolveInputChangesStep.execute(ResolveInputChangesStep.java:29)
	at org.gradle.internal.execution.steps.BuildCacheStep.executeWithoutCache(BuildCacheStep.java:189)
	at org.gradle.internal.execution.steps.BuildCacheStep.lambda$execute$1(BuildCacheStep.java:75)
	at org.gradle.internal.Either$Right.fold(Either.java:175)
	at org.gradle.internal.execution.caching.CachingState.fold(CachingState.java:62)
	at org.gradle.internal.execution.steps.BuildCacheStep.execute(BuildCacheStep.java:73)
	at org.gradle.internal.execution.steps.BuildCacheStep.execute(BuildCacheStep.java:48)
	at org.gradle.internal.execution.steps.StoreExecutionStateStep.execute(StoreExecutionStateStep.java:46)
	at org.gradle.internal.execution.steps.StoreExecutionStateStep.execute(StoreExecutionStateStep.java:35)
	at org.gradle.internal.execution.steps.SkipUpToDateStep.executeBecause(SkipUpToDateStep.java:76)
	at org.gradle.internal.execution.steps.SkipUpToDateStep.lambda$execute$2(SkipUpToDateStep.java:54)
	at org.gradle.internal.execution.steps.SkipUpToDateStep.execute(SkipUpToDateStep.java:54)
	at org.gradle.internal.execution.steps.SkipUpToDateStep.execute(SkipUpToDateStep.java:36)
	at org.gradle.internal.execution.steps.legacy.MarkSnapshottingInputsFinishedStep.execute(MarkSnapshottingInputsFinishedStep.java:37)
	at org.gradle.internal.execution.steps.legacy.MarkSnapshottingInputsFinishedStep.execute(MarkSnapshottingInputsFinishedStep.java:27)
	at org.gradle.internal.execution.steps.ResolveIncrementalCachingStateStep.executeDelegate(ResolveIncrementalCachingStateStep.java:49)
	at org.gradle.internal.execution.steps.ResolveIncrementalCachingStateStep.executeDelegate(ResolveIncrementalCachingStateStep.java:27)
	at org.gradle.internal.execution.steps.AbstractResolveCachingStateStep.execute(AbstractResolveCachingStateStep.java:71)
	at org.gradle.internal.execution.steps.AbstractResolveCachingStateStep.execute(AbstractResolveCachingStateStep.java:39)
	at org.gradle.internal.execution.steps.ResolveChangesStep.execute(ResolveChangesStep.java:65)
	at org.gradle.internal.execution.steps.ResolveChangesStep.execute(ResolveChangesStep.java:36)
	at org.gradle.internal.execution.steps.ValidateStep.execute(ValidateStep.java:106)
	at org.gradle.internal.execution.steps.ValidateStep.execute(ValidateStep.java:55)
	at org.gradle.internal.execution.steps.AbstractCaptureStateBeforeExecutionStep.execute(AbstractCaptureStateBeforeExecutionStep.java:64)
	at org.gradle.internal.execution.steps.AbstractCaptureStateBeforeExecutionStep.execute(AbstractCaptureStateBeforeExecutionStep.java:43)
	at org.gradle.internal.execution.steps.AbstractSkipEmptyWorkStep.executeWithNonEmptySources(AbstractSkipEmptyWorkStep.java:125)
	at org.gradle.internal.execution.steps.AbstractSkipEmptyWorkStep.execute(AbstractSkipEmptyWorkStep.java:56)
	at org.gradle.internal.execution.steps.AbstractSkipEmptyWorkStep.execute(AbstractSkipEmptyWorkStep.java:36)
	at org.gradle.internal.execution.steps.legacy.MarkSnapshottingInputsStartedStep.execute(MarkSnapshottingInputsStartedStep.java:38)
	at org.gradle.internal.execution.steps.LoadPreviousExecutionStateStep.execute(LoadPreviousExecutionStateStep.java:36)
	at org.gradle.internal.execution.steps.LoadPreviousExecutionStateStep.execute(LoadPreviousExecutionStateStep.java:23)
	at org.gradle.internal.execution.steps.HandleStaleOutputsStep.execute(HandleStaleOutputsStep.java:75)
	at org.gradle.internal.execution.steps.HandleStaleOutputsStep.execute(HandleStaleOutputsStep.java:41)
	at org.gradle.internal.execution.steps.AssignMutableWorkspaceStep.lambda$execute$0(AssignMutableWorkspaceStep.java:35)
	at org.gradle.api.internal.tasks.execution.TaskExecution$4.withWorkspace(TaskExecution.java:289)
	at org.gradle.internal.execution.steps.AssignMutableWorkspaceStep.execute(AssignMutableWorkspaceStep.java:31)
	at org.gradle.internal.execution.steps.AssignMutableWorkspaceStep.execute(AssignMutableWorkspaceStep.java:22)
	at org.gradle.internal.execution.steps.ChoosePipelineStep.execute(ChoosePipelineStep.java:40)
	at org.gradle.internal.execution.steps.ChoosePipelineStep.execute(ChoosePipelineStep.java:23)
	at org.gradle.internal.execution.steps.ExecuteWorkBuildOperationFiringStep.lambda$execute$2(ExecuteWorkBuildOperationFiringStep.java:67)
	at org.gradle.internal.execution.steps.ExecuteWorkBuildOperationFiringStep.execute(ExecuteWorkBuildOperationFiringStep.java:67)
	at org.gradle.internal.execution.steps.ExecuteWorkBuildOperationFiringStep.execute(ExecuteWorkBuildOperationFiringStep.java:39)
	at org.gradle.internal.execution.steps.IdentityCacheStep.execute(IdentityCacheStep.java:46)
	at org.gradle.internal.execution.steps.IdentityCacheStep.execute(IdentityCacheStep.java:34)
	at org.gradle.internal.execution.steps.IdentifyStep.execute(IdentifyStep.java:48)
	at org.gradle.internal.execution.steps.IdentifyStep.execute(IdentifyStep.java:35)
	at org.gradle.internal.execution.impl.DefaultExecutionEngine$1.execute(DefaultExecutionEngine.java:61)
	at org.gradle.api.internal.tasks.execution.ExecuteActionsTaskExecuter.executeIfValid(ExecuteActionsTaskExecuter.java:127)
	at org.gradle.api.internal.tasks.execution.ExecuteActionsTaskExecuter.execute(ExecuteActionsTaskExecuter.java:116)
	at org.gradle.api.internal.tasks.execution.FinalizePropertiesTaskExecuter.execute(FinalizePropertiesTaskExecuter.java:46)
	at org.gradle.api.internal.tasks.execution.ResolveTaskExecutionModeExecuter.execute(ResolveTaskExecutionModeExecuter.java:51)
	at org.gradle.api.internal.tasks.execution.SkipTaskWithNoActionsExecuter.execute(SkipTaskWithNoActionsExecuter.java:57)
	at org.gradle.api.internal.tasks.execution.SkipOnlyIfTaskExecuter.execute(SkipOnlyIfTaskExecuter.java:74)
	at org.gradle.api.internal.tasks.execution.CatchExceptionTaskExecuter.execute(CatchExceptionTaskExecuter.java:36)
	at org.gradle.api.internal.tasks.execution.EventFiringTaskExecuter$1.executeTask(EventFiringTaskExecuter.java:77)
	at org.gradle.api.internal.tasks.execution.EventFiringTaskExecuter$1.call(EventFiringTaskExecuter.java:55)
	at org.gradle.api.internal.tasks.execution.EventFiringTaskExecuter$1.call(EventFiringTaskExecuter.java:52)
	at org.gradle.internal.operations.DefaultBuildOperationRunner$CallableBuildOperationWorker.execute(DefaultBuildOperationRunner.java:200)
	at org.gradle.internal.operations.DefaultBuildOperationRunner$CallableBuildOperationWorker.execute(DefaultBuildOperationRunner.java:195)
	at org.gradle.internal.operations.DefaultBuildOperationRunner$2.execute(DefaultBuildOperationRunner.java:66)
	at org.gradle.internal.operations.DefaultBuildOperationRunner$2.execute(DefaultBuildOperationRunner.java:59)
	at org.gradle.internal.operations.DefaultBuildOperationRunner.execute(DefaultBuildOperationRunner.java:157)
	at org.gradle.internal.operations.DefaultBuildOperationRunner.execute(DefaultBuildOperationRunner.java:59)
	at org.gradle.internal.operations.DefaultBuildOperationRunner.call(DefaultBuildOperationRunner.java:53)
	at org.gradle.internal.operations.DefaultBuildOperationExecutor.call(DefaultBuildOperationExecutor.java:73)
	at org.gradle.api.internal.tasks.execution.EventFiringTaskExecuter.execute(EventFiringTaskExecuter.java:52)
	at org.gradle.execution.plan.LocalTaskNodeExecutor.execute(LocalTaskNodeExecutor.java:42)
	at org.gradle.execution.taskgraph.DefaultTaskExecutionGraph$InvokeNodeExecutorsAction.execute(DefaultTaskExecutionGraph.java:331)
	at org.gradle.execution.taskgraph.DefaultTaskExecutionGraph$InvokeNodeExecutorsAction.execute(DefaultTaskExecutionGraph.java:318)
	at org.gradle.execution.taskgraph.DefaultTaskExecutionGraph$BuildOperationAwareExecutionAction.lambda$execute$0(DefaultTaskExecutionGraph.java:314)
	at org.gradle.internal.operations.CurrentBuildOperationRef.with(CurrentBuildOperationRef.java:80)
	at org.gradle.execution.taskgraph.DefaultTaskExecutionGraph$BuildOperationAwareExecutionAction.execute(DefaultTaskExecutionGraph.java:314)
	at org.gradle.execution.taskgraph.DefaultTaskExecutionGraph$BuildOperationAwareExecutionAction.execute(DefaultTaskExecutionGraph.java:303)
	at org.gradle.execution.plan.DefaultPlanExecutor$ExecutorWorker.execute(DefaultPlanExecutor.java:463)
	at org.gradle.execution.plan.DefaultPlanExecutor$ExecutorWorker.run(DefaultPlanExecutor.java:380)
	at org.gradle.internal.concurrent.ExecutorPolicy$CatchAndRecordFailures.onExecute(ExecutorPolicy.java:64)
	at org.gradle.internal.concurrent.AbstractManagedExecutor$1.run(AbstractManagedExecutor.java:47)


BUILD FAILED in 1m 25s
127 actionable tasks: 82 executed, 43 from cache, 2 up-to-date
